\BOOKMARK [1][]{section.1}{\376\377\0001\000\040\137\025\212\000}{}% 1
\BOOKMARK [1][]{section.2}{\376\377\0002\000\040\172\172\123\343\377\010\000A\000i\000r\000\040\000I\000n\000t\000e\000r\000f\000a\000c\000e\377\011}{}% 2
\BOOKMARK [1][]{section.3}{\376\377\0003\000\040\230\221\214\061\215\104\156\220}{}% 3
\BOOKMARK [1][]{section.4}{\376\377\0004\000\040\123\125\144\255\124\214\131\032\144\255}{}% 4
\BOOKMARK [1][]{section.5}{\376\377\0005\000\040\136\046\133\275\122\022\122\006}{}% 5
\BOOKMARK [1][]{section.6}{\376\377\0006\000\040\145\366\127\337\136\047\150\074\137\017}{}% 6
\BOOKMARK [1][]{section.7}{\376\377\0007\000\040\117\341\123\367\166\204\145\366\230\221\210\150\171\072}{}% 7
\BOOKMARK [1][]{section.8}{\376\377\0008\000\040\000O\000F\000D\000M\000\040\131\032\217\175\154\342\117\040\217\223}{}% 8
\BOOKMARK [2][]{subsection.8.1}{\376\377\0008\000.\0001\000\040\137\252\163\257\122\115\177\000}{section.8}% 9
\BOOKMARK [2][]{subsection.8.2}{\376\377\0008\000.\0002\000\040\133\120\217\175\154\342\225\364\226\224}{section.8}% 10
\BOOKMARK [2][]{subsection.8.3}{\376\377\0008\000.\0003\000\040\000R\000B\131\047\134\017}{section.8}% 11
\BOOKMARK [2][]{subsection.8.4}{\376\377\0008\000.\0004\000\040\230\221\163\207\127\337\122\022\122\006}{section.8}% 12
\BOOKMARK [2][]{subsection.8.5}{\376\377\0008\000.\0005\000\040\143\245\145\066\217\307\172\013}{section.8}% 13
\BOOKMARK [1][]{section.9}{\376\377\0009\000\040\123\125\217\175\154\342\230\221\122\006\131\015\165\050}{}% 14
\BOOKMARK [1][]{section.10}{\376\377\0001\0000\000\040\000L\000T\000E\174\373\176\337\166\204\215\104\156\220\150\005\150\074\121\205\133\271}{}% 15
\BOOKMARK [1][]{section.11}{\376\377\0001\0001\000\040\162\151\164\006\117\341\220\123}{}% 16
\BOOKMARK [2][]{subsection.11.1}{\376\377\0001\0001\000.\0001\000\040\116\013\210\114\162\151\164\006\117\341\220\123}{section.11}% 17
\BOOKMARK [2][]{subsection.11.2}{\376\377\0001\0001\000.\0002\000\040\116\013\210\114\162\151\164\006\117\341\220\123\166\204\117\134\165\050}{section.11}% 18
\BOOKMARK [2][]{subsection.11.3}{\376\377\0001\0001\000.\0003\000\040\116\012\210\114\117\341\220\123}{section.11}% 19
\BOOKMARK [2][]{subsection.11.4}{\376\377\0001\0001\000.\0004\000\040\116\012\210\114\162\151\164\006\117\341\220\123\166\204\122\237\200\375}{section.11}% 20
\BOOKMARK [1][]{section.12}{\376\377\0001\0002\000\040\162\151\164\006\117\341\123\367}{}% 21
\BOOKMARK [2][]{subsection.12.1}{\376\377\0001\0002\000.\0001\000\040\116\013\210\114\123\302\200\003\117\341\123\367}{section.12}% 22
\BOOKMARK [2][]{subsection.12.2}{\376\377\0001\0002\000.\0002\000\040\116\012\210\114\123\302\200\003\117\341\123\367}{section.12}% 23
\BOOKMARK [2][]{subsection.12.3}{\376\377\0001\0002\000.\0003\000\040\124\014\153\145\117\341\123\367}{section.12}% 24
\BOOKMARK [1][]{section.13}{\376\377\0001\0003\000\040\116\013\210\114\136\047\176\323\147\204}{}% 25
\BOOKMARK [1][]{section.14}{\376\377\0001\0004\000\040\116\012\210\114\136\047\176\323\147\204}{}% 26
\BOOKMARK [1][]{section.15}{\376\377\0001\0005\000\040\000M\000I\000M\000O}{}% 27
\BOOKMARK [2][]{subsection.15.1}{\376\377\0001\0005\000.\0001\000\040\143\245\145\066\122\006\226\306}{section.15}% 28
\BOOKMARK [2][]{subsection.15.2}{\376\377\0001\0005\000.\0002\000\040\123\321\134\004\122\006\226\306}{section.15}% 29
\BOOKMARK [2][]{subsection.15.3}{\376\377\0001\0005\000.\0003\000\040\172\172\122\006\131\015\165\050}{section.15}% 30
\BOOKMARK [2][]{subsection.15.4}{\376\377\0001\0005\000.\0004\000\040\154\342\147\137\142\020\127\213}{section.15}% 31
\BOOKMARK [2][]{subsection.15.5}{\376\377\0001\0005\000.\0005\000\040\137\252\163\257\136\366\217\337\122\006\226\306}{section.15}% 32
\BOOKMARK [1][]{section.16}{\376\377\0001\0006\000\040\000M\000I\000M\000O\152\041\137\017}{}% 33
\BOOKMARK [1][]{section.17}{\376\377\0001\0007\000\040\162\151\164\006\134\102\117\341\123\367\131\004\164\006\155\101\172\013}{}% 34
\BOOKMARK [2][]{subsection.17.1}{\376\377\0001\0007\000.\0001\000\040\162\151\164\006\134\102\116\013\210\114\117\341\123\367\131\004\164\006\155\101\172\013}{section.17}% 35
